生成启动时间为 2015/7/18 14:35:37。
     1>项目“C:\test\src\redis-2.8\msvs\hiredis\hiredis.vcxproj”在节点 2 上(Rebuild 个目标)。
     1>ClCompile:
         C:\Program Files (x86)\Microsoft Visual Studio 12.0\VC\bin\CL.exe /c /ZI /nologo /W3 /WX- /Od /Oy- /D _OFF_T_DEFINED /D WIN32 /D _DEBUG /D _LIB /D _USING_V110_SDK71_ /D _MBCS /D WIN32_IOCP /D _WIN32_WINNT=0x0501 /Gm /EHsc /RTC1 /MTd /GS /fp:precise /Zc:wchar_t /Zc:forScope /Fo"Debug\\" /Fd"Debug\vc120.pdb" /Gd /TC /wd4996 /analyze- /errorReport:prompt ..\..\deps\hiredis\async.c ..\..\deps\hiredis\dict.c ..\..\deps\hiredis\hiredis.c ..\..\deps\hiredis\net.c ..\..\deps\hiredis\sds.c
         sds.c
         net.c
         hiredis.c
     1>c:\test\src\redis-2.8\deps\hiredis\hiredis.c(1174): warning C4244: “=”: 从“ssize_t”转换到“int”，可能丢失数据
     1>c:\test\src\redis-2.8\deps\hiredis\hiredis.c(1200): warning C4028: 形参 3 与声明不同
     1>c:\test\src\redis-2.8\deps\hiredis\hiredis.c(1212): warning C4244: “函数”: 从“ssize_t”转换到“size_t”，可能丢失数据
     1>c:\test\src\redis-2.8\deps\hiredis\hiredis.c(1238): warning C4244: “=”: 从“ssize_t”转换到“int”，可能丢失数据
         dict.c
         async.c
         正在生成代码...
       Lib:
         C:\Program Files (x86)\Microsoft Visual Studio 12.0\VC\bin\Lib.exe /OUT:"C:\test\src\redis-2.8\msvs\Debug\hiredis.lib" /NOLOGO Debug\async.obj
         Debug\dict.obj
         Debug\hiredis.obj
         Debug\net.obj
         Debug\sds.obj
         hiredis.vcxproj -> C:\test\src\redis-2.8\msvs\Debug\hiredis.lib
     1>已完成生成项目“C:\test\src\redis-2.8\msvs\hiredis\hiredis.vcxproj”(Rebuild 个目标)的操作。

生成成功。

已用时间 00:00:01.76
