生成启动时间为 2015/7/18 14:35:39。
     1>项目“C:\test\src\redis-2.8\msvs\RedisCli\RedisCli.vcxproj”在节点 2 上(Rebuild 个目标)。
     1>ClCompile:
         C:\Program Files (x86)\Microsoft Visual Studio 12.0\VC\bin\CL.exe /c /I"C:\test\src\redis-2.8\msvs\..\deps\hiredis" /I"C:\test\src\redis-2.8\msvs\..\deps\linenoise" /I"C:\test\src\redis-2.8\msvs\..\deps\lua\src" /ZI /nologo /W3 /WX- /Od /Oy- /D _OFF_T_DEFINED /D WIN32 /D USE_DL_PREFIX /D LACKS_STDLIB_H /D _DEBUG /D _CONSOLE /D _USING_V110_SDK71_ /D _MBCS /D NO_QFORKIMPL /D WIN32_IOCP /D _WIN32_WINNT=0x0501 /Gm /EHsc /RTC1 /MTd /GS /fp:precise /Zc:wchar_t /Zc:forScope /Fo"Debug\\" /Fd"Debug\vc120.pdb" /Gd /TC /wd4996 /analyze- /errorReport:prompt ..\..\deps\linenoise\linenoise.c ..\..\src\adlist.c ..\..\src\ae.c ..\..\src\anet.c ..\..\src\crc64.c "..\..\src\redis-cli.c" ..\..\src\release.c ..\..\src\sds.c ..\..\src\zmalloc.c
         zmalloc.c
         sds.c
         release.c
         redis-cli.c
     1>c:\test\src\redis-2.8\src\redis-cli.c(886): warning C4244: “初始化”: 从“ssize_t”转换到“int”，可能丢失数据
     1>c:\test\src\redis-2.8\src\redis-cli.c(1205): warning C4244: “初始化”: 从“double”转换到“int”，可能丢失数据
     1>c:\test\src\redis-2.8\src\redis-cli.c(1363): warning C4244: “函数”: 从“unsigned __int64”转换到“size_t”，可能丢失数据
     1>c:\test\src\redis-2.8\src\redis-cli.c(1408): warning C4244: “函数”: 从“unsigned __int64”转换到“size_t”，可能丢失数据
     1>c:\test\src\redis-2.8\src\redis-cli.c(1413): warning C4244: “函数”: 从“ssize_t”转换到“size_t”，可能丢失数据
     1>c:\test\src\redis-2.8\src\redis-cli.c(1478): warning C4244: “函数”: 从“ssize_t”转换到“size_t”，可能丢失数据
     1>c:\test\src\redis-2.8\src\redis-cli.c(2057): warning C4244: “函数”: 从“__int64”转换到“double”，可能丢失数据
     1>c:\test\src\redis-2.8\src\redis-cli.c(2077): warning C4244: “函数”: 从“time_t”转换到“unsigned int”，可能丢失数据
         crc64.c
         anet.c
     1>c:\test\src\redis-2.8\src\anet.c(213): warning C4244: “=”: 从“__int64”转换到“long”，可能丢失数据
     1>c:\test\src\redis-2.8\src\anet.c(464): warning C4244: “=”: 从“ssize_t”转换到“int”，可能丢失数据
     1>c:\test\src\redis-2.8\src\anet.c(479): warning C4244: “=”: 从“ssize_t”转换到“int”，可能丢失数据
         ae.c
         adlist.c
         linenoise.c
     1>c:\test\src\redis-2.8\deps\linenoise\linenoise.c(542): warning C4244: “=”: 从“ssize_t”转换到“int”，可能丢失数据
     1>c:\test\src\redis-2.8\deps\linenoise\linenoise.c(1087): warning C4244: “=”: 从“ssize_t”转换到“int”，可能丢失数据
         正在生成代码...
       Link:
         C:\Program Files (x86)\Microsoft Visual Studio 12.0\VC\bin\link.exe /ERRORREPORT:PROMPT /OUT:"C:\test\src\redis-2.8\msvs\Debug\redis-cli.exe" /INCREMENTAL:NO /NOLOGO /LIBPATH:"C:\test\src\redis-2.8\msvs\Debug\\" /LIBPATH:"C:\test\src\redis-2.8\msvs\Debug\lib" kernel32.lib user32.lib gdi32.lib winspool.lib comdlg32.lib advapi32.lib shell32.lib ole32.lib oleaut32.lib uuid.lib odbc32.lib odbccp32.lib kernel32.lib user32.lib gdi32.lib winspool.lib comdlg32.lib advapi32.lib shell32.lib ole32.lib oleaut32.lib uuid.lib odbc32.lib odbccp32.lib /NODEFAULTLIB:MSVCRT /MANIFEST /MANIFESTUAC:"level='asInvoker' uiAccess='false'" /manifest:embed /DEBUG /PDB:"C:\test\src\redis-2.8\msvs\Debug\redis-cli.pdb" /SUBSYSTEM:CONSOLE,"5.01" /LTCG /TLBID:1 /DYNAMICBASE:NO /NXCOMPAT /IMPLIB:"C:\test\src\redis-2.8\msvs\Debug\redis-cli.lib" /MACHINE:X86 Debug\linenoise.obj
         Debug\adlist.obj
         Debug\ae.obj
         Debug\anet.obj
         Debug\crc64.obj
         "Debug\redis-cli.obj"
         Debug\release.obj
         Debug\sds.obj
         Debug\zmalloc.obj
         "C:\test\src\redis-2.8\msvs\Debug\Win32_Interop.lib"
         "C:\test\src\redis-2.8\msvs\Debug\hiredis.lib"
     1>linenoise.obj : warning LNK4075: 忽略“/EDITANDCONTINUE”(由于“/OPT:LBR”规范)
         LINK : 已指定 /LTCG，但不需要生成代码；从链接命令行中移除 /LTCG 以提高链接器性能
         RedisCli.vcxproj -> C:\test\src\redis-2.8\msvs\Debug\redis-cli.exe
     1>已完成生成项目“C:\test\src\redis-2.8\msvs\RedisCli\RedisCli.vcxproj”(Rebuild 个目标)的操作。

生成成功。

已用时间 00:00:03.41
