c:\test\src\redis-2.8\msvs\debug\vc120.pdb
c:\test\src\redis-2.8\msvs\debug\vc120.idb
c:\test\src\redis-2.8\msvs\debug\replication.obj
c:\test\src\redis-2.8\msvs\debug\rio.obj
c:\test\src\redis-2.8\msvs\debug\scripting.obj
c:\test\src\redis-2.8\msvs\debug\sds.obj
c:\test\src\redis-2.8\msvs\debug\sentinel.obj
c:\test\src\redis-2.8\msvs\debug\sha1.obj
c:\test\src\redis-2.8\msvs\debug\slowlog.obj
c:\test\src\redis-2.8\msvs\debug\sort.obj
c:\test\src\redis-2.8\msvs\debug\sparkline.obj
c:\test\src\redis-2.8\msvs\debug\syncio.obj
c:\test\src\redis-2.8\msvs\debug\t_conf.obj
c:\test\src\redis-2.8\msvs\debug\t_hash.obj
c:\test\src\redis-2.8\msvs\debug\t_list.obj
c:\test\src\redis-2.8\msvs\debug\t_set.obj
c:\test\src\redis-2.8\msvs\debug\t_string.obj
c:\test\src\redis-2.8\msvs\debug\t_zset.obj
c:\test\src\redis-2.8\msvs\debug\util.obj
c:\test\src\redis-2.8\msvs\debug\ziplist.obj
c:\test\src\redis-2.8\msvs\debug\zipmap.obj
c:\test\src\redis-2.8\msvs\debug\zmalloc.obj
c:\test\src\redis-2.8\msvs\debug\debug.obj
c:\test\src\redis-2.8\msvs\debug\dict.obj
c:\test\src\redis-2.8\msvs\debug\endianconv.obj
c:\test\src\redis-2.8\msvs\debug\hyperloglog.obj
c:\test\src\redis-2.8\msvs\debug\intset.obj
c:\test\src\redis-2.8\msvs\debug\latency.obj
c:\test\src\redis-2.8\msvs\debug\lzf_c.obj
c:\test\src\redis-2.8\msvs\debug\lzf_d.obj
c:\test\src\redis-2.8\msvs\debug\memtest.obj
c:\test\src\redis-2.8\msvs\debug\migrate.obj
c:\test\src\redis-2.8\msvs\debug\multi.obj
c:\test\src\redis-2.8\msvs\debug\networking.obj
c:\test\src\redis-2.8\msvs\debug\notify.obj
c:\test\src\redis-2.8\msvs\debug\object.obj
c:\test\src\redis-2.8\msvs\debug\pqsort.obj
c:\test\src\redis-2.8\msvs\debug\pubsub.obj
c:\test\src\redis-2.8\msvs\debug\rand.obj
c:\test\src\redis-2.8\msvs\debug\rdb.obj
c:\test\src\redis-2.8\msvs\debug\redis.obj
c:\test\src\redis-2.8\msvs\debug\release.obj
c:\test\src\redis-2.8\msvs\debug\adlist.obj
c:\test\src\redis-2.8\msvs\debug\ae.obj
c:\test\src\redis-2.8\msvs\debug\anet.obj
c:\test\src\redis-2.8\msvs\debug\aof.obj
c:\test\src\redis-2.8\msvs\debug\bio.obj
c:\test\src\redis-2.8\msvs\debug\bitops.obj
c:\test\src\redis-2.8\msvs\debug\conf.obj
c:\test\src\redis-2.8\msvs\debug\config.obj
c:\test\src\redis-2.8\msvs\debug\crc64.obj
c:\test\src\redis-2.8\msvs\debug\db.obj
c:\test\src\redis-2.8\msvs\debug\redis-server.exe
c:\test\src\redis-2.8\msvs\debug\redis-server.pdb
c:\test\src\redis-2.8\msvs\debug\redis-benchmark.pdb
c:\test\src\redis-2.8\msvs\debug\redis-check-aof.pdb
c:\test\src\redis-2.8\msvs\debug\redis-check-dump.pdb
c:\test\src\redis-2.8\msvs\debug\redis-cli.pdb
c:\test\src\redis-2.8\msvs\debug\redisserver.tlog\cl.command.1.tlog
c:\test\src\redis-2.8\msvs\debug\redisserver.tlog\cl.read.1.tlog
c:\test\src\redis-2.8\msvs\debug\redisserver.tlog\cl.write.1.tlog
c:\test\src\redis-2.8\msvs\debug\redisserver.tlog\link.command.1.tlog
c:\test\src\redis-2.8\msvs\debug\redisserver.tlog\link.read.1.tlog
c:\test\src\redis-2.8\msvs\debug\redisserver.tlog\link.write.1.tlog
