c:\test\src\redis-2.8\msvs\lua\lua\debug\vc120.pdb
c:\test\src\redis-2.8\msvs\lua\lua\debug\vc120.idb
c:\test\src\redis-2.8\msvs\lua\lua\debug\lobject.obj
c:\test\src\redis-2.8\msvs\lua\lua\debug\lopcodes.obj
c:\test\src\redis-2.8\msvs\lua\lua\debug\loslib.obj
c:\test\src\redis-2.8\msvs\lua\lua\debug\lparser.obj
c:\test\src\redis-2.8\msvs\lua\lua\debug\lstate.obj
c:\test\src\redis-2.8\msvs\lua\lua\debug\lstring.obj
c:\test\src\redis-2.8\msvs\lua\lua\debug\lstrlib.obj
c:\test\src\redis-2.8\msvs\lua\lua\debug\ltable.obj
c:\test\src\redis-2.8\msvs\lua\lua\debug\ltablib.obj
c:\test\src\redis-2.8\msvs\lua\lua\debug\ltm.obj
c:\test\src\redis-2.8\msvs\lua\lua\debug\lua.obj
c:\test\src\redis-2.8\msvs\lua\lua\debug\lua_bit.obj
c:\test\src\redis-2.8\msvs\lua\lua\debug\lua_cjson.obj
c:\test\src\redis-2.8\msvs\lua\lua\debug\lua_cmsgpack.obj
c:\test\src\redis-2.8\msvs\lua\lua\debug\lua_struct.obj
c:\test\src\redis-2.8\msvs\lua\lua\debug\lundump.obj
c:\test\src\redis-2.8\msvs\lua\lua\debug\lvm.obj
c:\test\src\redis-2.8\msvs\lua\lua\debug\lzio.obj
c:\test\src\redis-2.8\msvs\lua\lua\debug\print.obj
c:\test\src\redis-2.8\msvs\lua\lua\debug\strbuf.obj
c:\test\src\redis-2.8\msvs\lua\lua\debug\fpconv.obj
c:\test\src\redis-2.8\msvs\lua\lua\debug\lapi.obj
c:\test\src\redis-2.8\msvs\lua\lua\debug\lauxlib.obj
c:\test\src\redis-2.8\msvs\lua\lua\debug\lbaselib.obj
c:\test\src\redis-2.8\msvs\lua\lua\debug\lcode.obj
c:\test\src\redis-2.8\msvs\lua\lua\debug\ldblib.obj
c:\test\src\redis-2.8\msvs\lua\lua\debug\ldebug.obj
c:\test\src\redis-2.8\msvs\lua\lua\debug\ldo.obj
c:\test\src\redis-2.8\msvs\lua\lua\debug\ldump.obj
c:\test\src\redis-2.8\msvs\lua\lua\debug\lfunc.obj
c:\test\src\redis-2.8\msvs\lua\lua\debug\lgc.obj
c:\test\src\redis-2.8\msvs\lua\lua\debug\linit.obj
c:\test\src\redis-2.8\msvs\lua\lua\debug\liolib.obj
c:\test\src\redis-2.8\msvs\lua\lua\debug\llex.obj
c:\test\src\redis-2.8\msvs\lua\lua\debug\lmathlib.obj
c:\test\src\redis-2.8\msvs\lua\lua\debug\lmem.obj
c:\test\src\redis-2.8\msvs\lua\lua\debug\loadlib.obj
c:\test\src\redis-2.8\msvs\debug\lua.lib
c:\test\src\redis-2.8\msvs\lua\lua\debug\lua.tlog\cl.command.1.tlog
c:\test\src\redis-2.8\msvs\lua\lua\debug\lua.tlog\cl.read.1.tlog
c:\test\src\redis-2.8\msvs\lua\lua\debug\lua.tlog\cl.write.1.tlog
c:\test\src\redis-2.8\msvs\lua\lua\debug\lua.tlog\lib-link.read.1.tlog
c:\test\src\redis-2.8\msvs\lua\lua\debug\lua.tlog\lib-link.write.1.tlog
c:\test\src\redis-2.8\msvs\lua\lua\debug\lua.tlog\lib.command.1.tlog
