生成启动时间为 2015/7/18 14:35:27。
     1>项目“C:\test\src\redis-2.8\msvs\lua\lua\lua.vcxproj”在节点 3 上(Rebuild 个目标)。
     1>ClCompile:
         C:\Program Files (x86)\Microsoft Visual Studio 12.0\VC\bin\CL.exe /c /ZI /nologo /W3 /WX- /Od /Oy- /D _OFF_T_DEFINED /D WIN32 /D _DEBUG /D _LIB /D _CRT_SECURE_NO_WARNINGS /D _USING_V110_SDK71_ /D _MBCS /D WIN32_IOCP /D _WIN32_WINNT=0x0501 /D LUA_ANSI /D ENABLE_CJSON_GLOBAL /Gm /EHsc /RTC1 /MTd /GS /fp:precise /Zc:wchar_t /Zc:forScope /Fo"Debug\\" /Fd"Debug\vc120.pdb" /Gd /TC /wd4244 /wd4018 /analyze- /errorReport:prompt ..\..\..\deps\lua\src\fpconv.c ..\..\..\deps\lua\src\lapi.c ..\..\..\deps\lua\src\lauxlib.c ..\..\..\deps\lua\src\lbaselib.c ..\..\..\deps\lua\src\lcode.c ..\..\..\deps\lua\src\ldblib.c ..\..\..\deps\lua\src\ldebug.c ..\..\..\deps\lua\src\ldo.c ..\..\..\deps\lua\src\ldump.c ..\..\..\deps\lua\src\lfunc.c ..\..\..\deps\lua\src\lgc.c ..\..\..\deps\lua\src\linit.c ..\..\..\deps\lua\src\liolib.c ..\..\..\deps\lua\src\llex.c ..\..\..\deps\lua\src\lmathlib.c ..\..\..\deps\lua\src\lmem.c ..\..\..\deps\lua\src\loadlib.c ..\..\..\deps\lua\src\lobject.c ..\..\..\deps\lua\src\lopcodes.c ..\..\..\deps\lua\src\loslib.c ..\..\..\deps\lua\src\lparser.c ..\..\..\deps\lua\src\lstate.c ..\..\..\deps\lua\src\lstring.c ..\..\..\deps\lua\src\lstrlib.c ..\..\..\deps\lua\src\ltable.c ..\..\..\deps\lua\src\ltablib.c ..\..\..\deps\lua\src\ltm.c ..\..\..\deps\lua\src\lua.c ..\..\..\deps\lua\src\lua_bit.c ..\..\..\deps\lua\src\lua_cjson.c ..\..\..\deps\lua\src\lua_cmsgpack.c ..\..\..\deps\lua\src\lua_struct.c ..\..\..\deps\lua\src\lundump.c ..\..\..\deps\lua\src\lvm.c ..\..\..\deps\lua\src\lzio.c ..\..\..\deps\lua\src\print.c ..\..\..\deps\lua\src\strbuf.c
         strbuf.c
         print.c
         lzio.c
         lvm.c
         lundump.c
         lua_struct.c
         lua_cmsgpack.c
         lua_cjson.c
         lua_bit.c
         lua.c
         ltm.c
         ltablib.c
         ltable.c
         lstrlib.c
         lstring.c
         lstate.c
         lparser.c
         loslib.c
         lopcodes.c
         lobject.c
         正在生成代码...
         正在编译...
         loadlib.c
         lmem.c
         lmathlib.c
         llex.c
         liolib.c
         linit.c
         lgc.c
         lfunc.c
         ldump.c
         ldo.c
         ldebug.c
         ldblib.c
         lcode.c
         lbaselib.c
         lauxlib.c
         lapi.c
         fpconv.c
         正在生成代码...
       Lib:
         C:\Program Files (x86)\Microsoft Visual Studio 12.0\VC\bin\Lib.exe /OUT:"C:\test\src\redis-2.8\msvs\Debug\lua.lib" /NOLOGO Debug\fpconv.obj
         Debug\lapi.obj
         Debug\lauxlib.obj
         Debug\lbaselib.obj
         Debug\lcode.obj
         Debug\ldblib.obj
         Debug\ldebug.obj
         Debug\ldo.obj
         Debug\ldump.obj
         Debug\lfunc.obj
         Debug\lgc.obj
         Debug\linit.obj
         Debug\liolib.obj
         Debug\llex.obj
         Debug\lmathlib.obj
         Debug\lmem.obj
         Debug\loadlib.obj
         Debug\lobject.obj
         Debug\lopcodes.obj
         Debug\loslib.obj
         Debug\lparser.obj
         Debug\lstate.obj
         Debug\lstring.obj
         Debug\lstrlib.obj
         Debug\ltable.obj
         Debug\ltablib.obj
         Debug\ltm.obj
         Debug\lua.obj
         Debug\lua_bit.obj
         Debug\lua_cjson.obj
         Debug\lua_cmsgpack.obj
         Debug\lua_struct.obj
         Debug\lundump.obj
         Debug\lvm.obj
         Debug\lzio.obj
         Debug\print.obj
         Debug\strbuf.obj
         lua.vcxproj -> C:\test\src\redis-2.8\msvs\Debug\lua.lib
     1>已完成生成项目“C:\test\src\redis-2.8\msvs\lua\lua\lua.vcxproj”(Rebuild 个目标)的操作。

生成成功。

已用时间 00:00:02.88
