c:\test\src\redis-2.8\src\win32_interop\debug\vc120.pdb
c:\test\src\redis-2.8\src\win32_interop\debug\vc120.idb
c:\test\src\redis-2.8\src\win32_interop\debug\redislog.obj
c:\test\src\redis-2.8\src\win32_interop\debug\win32fixes.obj
c:\test\src\redis-2.8\src\win32_interop\debug\win32_ansi.obj
c:\test\src\redis-2.8\src\win32_interop\debug\win32_dlmalloc.obj
c:\test\src\redis-2.8\src\win32_interop\debug\win32_qfork_impl.obj
c:\test\src\redis-2.8\src\win32_interop\debug\win32_util.obj
c:\test\src\redis-2.8\src\win32_interop\debug\win32_wsiocp.obj
c:\test\src\redis-2.8\src\win32_interop\debug\win32_commandline.obj
c:\test\src\redis-2.8\src\win32_interop\debug\win32_eventlog.obj
c:\test\src\redis-2.8\src\win32_interop\debug\win32_fdapi.obj
c:\test\src\redis-2.8\src\win32_interop\debug\win32_fdapi_crt.obj
c:\test\src\redis-2.8\src\win32_interop\debug\win32_qfork.obj
c:\test\src\redis-2.8\src\win32_interop\debug\win32_rfdmap.obj
c:\test\src\redis-2.8\src\win32_interop\debug\win32_service.obj
c:\test\src\redis-2.8\src\win32_interop\debug\win32_variadicfunctor.obj
c:\test\src\redis-2.8\src\win32_interop\eventlog.h
c:\test\src\redis-2.8\msvs\debug\win32_interop.lib
c:\test\src\redis-2.8\src\win32_interop\debug\win32_interop.tlog\cl.command.1.tlog
c:\test\src\redis-2.8\src\win32_interop\debug\win32_interop.tlog\cl.read.1.tlog
c:\test\src\redis-2.8\src\win32_interop\debug\win32_interop.tlog\cl.write.1.tlog
c:\test\src\redis-2.8\src\win32_interop\debug\win32_interop.tlog\custombuild.command.1.tlog
c:\test\src\redis-2.8\src\win32_interop\debug\win32_interop.tlog\custombuild.read.1.tlog
c:\test\src\redis-2.8\src\win32_interop\debug\win32_interop.tlog\custombuild.write.1.tlog
c:\test\src\redis-2.8\src\win32_interop\debug\win32_interop.tlog\lib-link.read.1.tlog
c:\test\src\redis-2.8\src\win32_interop\debug\win32_interop.tlog\lib-link.write.1.tlog
c:\test\src\redis-2.8\src\win32_interop\debug\win32_interop.tlog\lib.command.1.tlog
