生成启动时间为 2015/7/18 14:35:27。
     1>项目“C:\test\src\redis-2.8\src\Win32_Interop\Win32_Interop.vcxproj”在节点 2 上(Rebuild 个目标)。
     1>CustomBuild:
         Performing Custom Build Tools
         子目录或文件 resources 已经存在。
         MC: Compiling EventLog.mc
         Microsoft (R) Windows (R) Resource Compiler Version 6.1.7600.16385
         
         Copyright (C) Microsoft Corporation.  All rights reserved.
         
         
         Microsoft (R) Incremental Linker Version 12.00.21005.1
         Copyright (C) Microsoft Corporation.  All rights reserved.
         
     1>LINK : warning LNK4068: 未指定 /MACHINE；默认设置为 X86
       ClCompile:
         C:\Program Files (x86)\Microsoft Visual Studio 12.0\VC\bin\CL.exe /c /I"C:\test\src\redis-2.8\src\Win32_Interop\..\..\deps\lua\src" /ZI /nologo /W3 /WX- /Od /Oy- /D _OFF_T_DEFINED /D WIN32 /D _DEBUG /D _LIB /D _USING_V110_SDK71_ /D _UNICODE /D UNICODE /D USE_DL_PREFIX /D LACKS_STDLIB_H /D USE_DLMALLOC /D _CRT_SECURE_NO_WARNINGS /D WIN32_IOCP /D PSAPI_VERSION=1 /D _WIN32_WINNT=0x0501 /Gm /EHsc /RTC1 /MTd /GS /fp:precise /Zc:wchar_t /Zc:forScope /Fo"Debug\\" /Fd"Debug\vc120.pdb" /Gd /TC /analyze- /errorReport:prompt ..\RedisLog.c win32fixes.c Win32_ANSI.c Win32_dlmalloc.c Win32_QFork_impl.c win32_util.c win32_wsiocp.c
         win32_wsiocp.c
     1>c:\test\src\redis-2.8\src\win32_interop\win32_wsiocp.c(270): warning C4244: “=”: 从“ssize_t”转换到“int”，可能丢失数据
     1>c:\test\src\redis-2.8\src\win32_interop\win32_wsiocp.c(417): warning C4090: “函数”: 不同的“const”限定符
         win32_util.c
         Win32_QFork_impl.c
         Win32_dlmalloc.c
         Win32_ANSI.c
         win32fixes.c
         RedisLog.c
         正在生成代码...
         C:\Program Files (x86)\Microsoft Visual Studio 12.0\VC\bin\CL.exe /c /I"C:\test\src\redis-2.8\src\Win32_Interop\..\..\deps\lua\src" /ZI /nologo /W3 /WX- /Od /Oy- /D _OFF_T_DEFINED /D WIN32 /D _DEBUG /D _LIB /D _USING_V110_SDK71_ /D _UNICODE /D UNICODE /D USE_DL_PREFIX /D LACKS_STDLIB_H /D USE_DLMALLOC /D _CRT_SECURE_NO_WARNINGS /D WIN32_IOCP /D PSAPI_VERSION=1 /D _WIN32_WINNT=0x0501 /Gm /EHsc /RTC1 /MTd /GS /fp:precise /Zc:wchar_t /Zc:forScope /Fo"Debug\\" /Fd"Debug\vc120.pdb" /Gd /TP /analyze- /errorReport:prompt Win32_CommandLine.cpp Win32_EventLog.cpp Win32_FDAPI.cpp Win32_fdapi_crt.cpp Win32_QFork.cpp win32_rfdmap.cpp Win32_service.cpp Win32_variadicFunctor.cpp
         Win32_variadicFunctor.cpp
         Win32_service.cpp
     1>c:\program files (x86)\microsoft visual studio 12.0\vc\include\cstdio(46): warning C4995: “gets”:  名称被标记为 #pragma deprecated
     1>c:\program files (x86)\microsoft visual studio 12.0\vc\include\cstdio(50): warning C4995: “sprintf”:  名称被标记为 #pragma deprecated
     1>c:\program files (x86)\microsoft visual studio 12.0\vc\include\cstdio(53): warning C4995: “vsprintf”:  名称被标记为 #pragma deprecated
     1>c:\program files (x86)\microsoft visual studio 12.0\vc\include\cstring(20): warning C4995: “strcat”:  名称被标记为 #pragma deprecated
     1>c:\program files (x86)\microsoft visual studio 12.0\vc\include\cstring(21): warning C4995: “strcpy”:  名称被标记为 #pragma deprecated
     1>c:\program files (x86)\microsoft visual studio 12.0\vc\include\cwchar(29): warning C4995: “swprintf”:  名称被标记为 #pragma deprecated
     1>c:\program files (x86)\microsoft visual studio 12.0\vc\include\cwchar(30): warning C4995: “vswprintf”:  名称被标记为 #pragma deprecated
     1>c:\program files (x86)\microsoft visual studio 12.0\vc\include\cwchar(32): warning C4995: “wcscat”:  名称被标记为 #pragma deprecated
     1>c:\program files (x86)\microsoft visual studio 12.0\vc\include\cwchar(34): warning C4995: “wcscpy”:  名称被标记为 #pragma deprecated
         win32_rfdmap.cpp
         Win32_QFork.cpp
     1>c:\test\src\redis-2.8\src\win32_interop\win32_qfork.cpp(165): warning C4244: “初始化”: 从“double”转换到“size_t”，可能丢失数据
         Win32_fdapi_crt.cpp
         Win32_FDAPI.cpp
         Win32_EventLog.cpp
         Win32_CommandLine.cpp
     1>c:\test\src\redis-2.8\src\win32_interop\win32_commandline.cpp(175): warning C4018: “>”: 有符号/无符号不匹配
     1>c:\test\src\redis-2.8\src\win32_interop\win32_commandline.cpp(179): warning C4018: “>”: 有符号/无符号不匹配
         正在生成代码...
       Lib:
         C:\Program Files (x86)\Microsoft Visual Studio 12.0\VC\bin\Lib.exe /OUT:"C:\test\src\redis-2.8\msvs\Debug\Win32_Interop.lib" /NOLOGO /NODEFAULTLIB:MSVCRT Debug\RedisLog.obj
         Debug\win32fixes.obj
         Debug\Win32_ANSI.obj
         Debug\Win32_CommandLine.obj
         Debug\Win32_dlmalloc.obj
         Debug\Win32_EventLog.obj
         Debug\Win32_FDAPI.obj
         Debug\Win32_fdapi_crt.obj
         Debug\Win32_QFork.obj
         Debug\Win32_QFork_impl.obj
         Debug\win32_rfdmap.obj
         Debug\Win32_service.obj
         Debug\win32_util.obj
         Debug\Win32_variadicFunctor.obj
         Debug\win32_wsiocp.obj
         Win32_Interop.vcxproj -> C:\test\src\redis-2.8\msvs\Debug\Win32_Interop.lib
     1>已完成生成项目“C:\test\src\redis-2.8\src\Win32_Interop\Win32_Interop.vcxproj”(Rebuild 个目标)的操作。

生成成功。

已用时间 00:00:09.67
