生成启动时间为 2015/7/18 14:35:37。
     1>项目“C:\test\src\redis-2.8\msvs\RedisCheckDump\RedisCheckDump.vcxproj”在节点 4 上(Rebuild 个目标)。
     1>ClCompile:
         C:\Program Files (x86)\Microsoft Visual Studio 12.0\VC\bin\CL.exe /c /I"C:\test\src\redis-2.8\msvs\..\deps\lua\src" /ZI /nologo /W3 /WX- /Od /Oy- /D _OFF_T_DEFINED /D WIN32 /D USE_DL_PREFIX /D LACKS_STDLIB_H /D _DEBUG /D _CONSOLE /D _USING_V110_SDK71_ /D _MBCS /D NO_QFORKIMPL /D WIN32_IOCP /D _WIN32_WINNT=0x0501 /Gm /EHsc /RTC1 /MTd /GS /fp:precise /Zc:wchar_t /Zc:forScope /Fo"Debug\\" /Fd"Debug\vc120.pdb" /Gd /TC /wd4996 /analyze- /errorReport:prompt ..\..\src\crc64.c ..\..\src\lzf_c.c ..\..\src\lzf_d.c "..\..\src\redis-check-dump.c"
         redis-check-dump.c
     1>c:\test\src\redis-2.8\src\redis-check-dump.c(803): warning C4244: “函数”: 从“off_t”转换到“size_t”，可能丢失数据
     1>c:\test\src\redis-2.8\src\redis-check-dump.c(810): warning C4244: “=”: 从“off_t”转换到“size_t”，可能丢失数据
     1>c:\test\src\redis-2.8\src\redis-check-dump.c(834): warning C4244: “函数”: 从“off_t”转换到“size_t”，可能丢失数据
         lzf_d.c
         lzf_c.c
         crc64.c
         正在生成代码...
       Link:
         C:\Program Files (x86)\Microsoft Visual Studio 12.0\VC\bin\link.exe /ERRORREPORT:PROMPT /OUT:"C:\test\src\redis-2.8\msvs\Debug\redis-check-dump.exe" /INCREMENTAL:NO /NOLOGO kernel32.lib user32.lib gdi32.lib winspool.lib comdlg32.lib advapi32.lib shell32.lib ole32.lib oleaut32.lib uuid.lib odbc32.lib odbccp32.lib kernel32.lib user32.lib gdi32.lib winspool.lib comdlg32.lib advapi32.lib shell32.lib ole32.lib oleaut32.lib uuid.lib odbc32.lib odbccp32.lib /NODEFAULTLIB:MSVCRT /MANIFEST /MANIFESTUAC:"level='asInvoker' uiAccess='false'" /manifest:embed /DEBUG /PDB:"C:\test\src\redis-2.8\msvs\Debug\redis-check-dump.pdb" /SUBSYSTEM:CONSOLE,"5.01" /LTCG /TLBID:1 /DYNAMICBASE:NO /NXCOMPAT /IMPLIB:"C:\test\src\redis-2.8\msvs\Debug\redis-check-dump.lib" /MACHINE:X86 Debug\crc64.obj
         Debug\lzf_c.obj
         Debug\lzf_d.obj
         "Debug\redis-check-dump.obj"
         "C:\test\src\redis-2.8\msvs\Debug\Win32_Interop.lib"
     1>crc64.obj : warning LNK4075: 忽略“/EDITANDCONTINUE”(由于“/OPT:LBR”规范)
         LINK : 已指定 /LTCG，但不需要生成代码；从链接命令行中移除 /LTCG 以提高链接器性能
         RedisCheckDump.vcxproj -> C:\test\src\redis-2.8\msvs\Debug\redis-check-dump.exe
     1>已完成生成项目“C:\test\src\redis-2.8\msvs\RedisCheckDump\RedisCheckDump.vcxproj”(Rebuild 个目标)的操作。

生成成功。

已用时间 00:00:03.43
